<?xml version="1.0" encoding="UTF-8"?>
<testng-results ignored="0" total="4" passed="4" failed="0" skipped="0">
  <reporter-output>
  </reporter-output>
  <suite started-at="2023-04-08T01:34:13 IST" name="Failed suite [Suite]" finished-at="2023-04-08T01:34:30 IST" duration-ms="16618">
    <groups>
    </groups>
    <test started-at="2023-04-08T01:34:13 IST" name="ChromeTest(failed)" finished-at="2023-04-08T01:34:27 IST" duration-ms="13963">
      <class name="testNg.VerifyHomepageWebElements">
        <test-method is-config="true" signature="openBrowserlauch(java.lang.String)[pri:0, instance:testNg.VerifyHomepageWebElements@6e4784bc]" started-at="2023-04-08T01:34:13 IST" name="openBrowserlauch" finished-at="2023-04-08T01:34:26 IST" duration-ms="13473" status="PASS">
          <params>
            <param index="0">
              <value>
                <![CDATA[Chrome]]>
              </value>
            </param>
          </params>
          <reporter-output>
          </reporter-output>
        </test-method> <!-- openBrowserlauch -->
        <test-method is-config="true" signature="pomPageLaunch()[pri:0, instance:testNg.VerifyHomepageWebElements@6e4784bc]" started-at="2023-04-08T01:34:26 IST" name="pomPageLaunch" finished-at="2023-04-08T01:34:27 IST" duration-ms="31" status="PASS">
          <reporter-output>
          </reporter-output>
        </test-method> <!-- pomPageLaunch -->
        <test-method signature="verify()[pri:0, instance:testNg.VerifyHomepageWebElements@6e4784bc]" started-at="2023-04-08T01:34:27 IST" name="verify" finished-at="2023-04-08T01:34:27 IST" duration-ms="184" status="PASS">
          <reporter-output>
          </reporter-output>
        </test-method> <!-- verify -->
        <test-method signature="verifyToTopisDisplayed()[pri:0, instance:testNg.VerifyHomepageWebElements@6e4784bc]" started-at="2023-04-08T01:34:27 IST" name="verifyToTopisDisplayed" finished-at="2023-04-08T01:34:27 IST" duration-ms="95" status="PASS">
          <reporter-output>
          </reporter-output>
        </test-method> <!-- verifyToTopisDisplayed -->
        <test-method is-config="true" signature="objectClear()[pri:0, instance:testNg.VerifyHomepageWebElements@6e4784bc]" started-at="2023-04-08T01:34:27 IST" name="objectClear" finished-at="2023-04-08T01:34:27 IST" duration-ms="0" status="PASS">
          <reporter-output>
          </reporter-output>
        </test-method> <!-- objectClear -->
        <test-method is-config="true" signature="closeBrowser()[pri:0, instance:testNg.VerifyHomepageWebElements@6e4784bc]" started-at="2023-04-08T01:34:27 IST" name="closeBrowser" finished-at="2023-04-08T01:34:27 IST" duration-ms="126" status="PASS">
          <reporter-output>
          </reporter-output>
        </test-method> <!-- closeBrowser -->
      </class> <!-- testNg.VerifyHomepageWebElements -->
    </test> <!-- ChromeTest(failed) -->
    <test started-at="2023-04-08T01:34:13 IST" name="EdgeTest(failed)" finished-at="2023-04-08T01:34:30 IST" duration-ms="16618">
      <class name="testNg.VerifyHomepageWebElements">
        <test-method is-config="true" signature="openBrowserlauch(java.lang.String)[pri:0, instance:testNg.VerifyHomepageWebElements@1dde4cb2]" started-at="2023-04-08T01:34:13 IST" name="openBrowserlauch" finished-at="2023-04-08T01:34:29 IST" duration-ms="16089" status="PASS">
          <params>
            <param index="0">
              <value>
                <![CDATA[Edge]]>
              </value>
            </param>
          </params>
          <reporter-output>
          </reporter-output>
        </test-method> <!-- openBrowserlauch -->
        <test-method is-config="true" signature="pomPageLaunch()[pri:0, instance:testNg.VerifyHomepageWebElements@1dde4cb2]" started-at="2023-04-08T01:34:29 IST" name="pomPageLaunch" finished-at="2023-04-08T01:34:29 IST" duration-ms="1" status="PASS">
          <reporter-output>
          </reporter-output>
        </test-method> <!-- pomPageLaunch -->
        <test-method signature="verify()[pri:0, instance:testNg.VerifyHomepageWebElements@1dde4cb2]" started-at="2023-04-08T01:34:29 IST" name="verify" finished-at="2023-04-08T01:34:29 IST" duration-ms="114" status="PASS">
          <reporter-output>
          </reporter-output>
        </test-method> <!-- verify -->
        <test-method signature="verifyToTopisDisplayed()[pri:0, instance:testNg.VerifyHomepageWebElements@1dde4cb2]" started-at="2023-04-08T01:34:29 IST" name="verifyToTopisDisplayed" finished-at="2023-04-08T01:34:29 IST" duration-ms="94" status="PASS">
          <reporter-output>
          </reporter-output>
        </test-method> <!-- verifyToTopisDisplayed -->
        <test-method is-config="true" signature="objectClear()[pri:0, instance:testNg.VerifyHomepageWebElements@1dde4cb2]" started-at="2023-04-08T01:34:29 IST" name="objectClear" finished-at="2023-04-08T01:34:29 IST" duration-ms="0" status="PASS">
          <reporter-output>
          </reporter-output>
        </test-method> <!-- objectClear -->
        <test-method is-config="true" signature="closeBrowser()[pri:0, instance:testNg.VerifyHomepageWebElements@1dde4cb2]" started-at="2023-04-08T01:34:29 IST" name="closeBrowser" finished-at="2023-04-08T01:34:30 IST" duration-ms="286" status="PASS">
          <reporter-output>
          </reporter-output>
        </test-method> <!-- closeBrowser -->
      </class> <!-- testNg.VerifyHomepageWebElements -->
    </test> <!-- EdgeTest(failed) -->
  </suite> <!-- Failed suite [Suite] -->
</testng-results>
